{"E:\\PROJECTS\\MAY_MAC_TUNG_ANH\\react-number-input\\src\\components\\NumberInput\\index.tsx": {"path":"E:\\PROJECTS\\MAY_MAC_TUNG_ANH\\react-number-input\\src\\components\\NumberInput\\index.tsx","statementMap":{"0":{"start":{"line":1,"column":138},"end":{"line":1,"column":null}},"1":{"start":{"line":36,"column":21},"end":{"line":36,"column":51}},"2":{"start":{"line":37,"column":44},"end":{"line":37,"column":64}},"3":{"start":{"line":44,"column":25},"end":{"line":44,"column":97}},"4":{"start":{"line":44,"column":52},"end":{"line":44,"column":92}},"5":{"start":{"line":49,"column":12},"end":{"line":49,"column":null}},"6":{"start":{"line":52,"column":25},"end":{"line":52,"column":47}},"7":{"start":{"line":54,"column":30},"end":{"line":54,"column":51}},"8":{"start":{"line":55,"column":43},"end":{"line":55,"column":63}},"9":{"start":{"line":56,"column":27},"end":{"line":56,"column":null}},"10":{"start":{"line":57,"column":12},"end":{"line":57,"column":null}},"11":{"start":{"line":60,"column":8},"end":{"line":60,"column":null}},"12":{"start":{"line":64,"column":23},"end":{"line":114,"column":null}},"13":{"start":{"line":66,"column":29},"end":{"line":66,"column":39}},"14":{"start":{"line":67,"column":45},"end":{"line":67,"column":76}},"15":{"start":{"line":68,"column":44},"end":{"line":68,"column":74}},"16":{"start":{"line":72,"column":16},"end":{"line":72,"column":null}},"17":{"start":{"line":75,"column":33},"end":{"line":75,"column":null}},"18":{"start":{"line":77,"column":21},"end":{"line":77,"column":null}},"19":{"start":{"line":79,"column":16},"end":{"line":79,"column":null}},"20":{"start":{"line":83,"column":21},"end":{"line":83,"column":null}},"21":{"start":{"line":85,"column":16},"end":{"line":85,"column":null}},"22":{"start":{"line":88,"column":32},"end":{"line":88,"column":null}},"23":{"start":{"line":89,"column":31},"end":{"line":89,"column":59}},"24":{"start":{"line":90,"column":32},"end":{"line":90,"column":58}},"25":{"start":{"line":92,"column":26},"end":{"line":92,"column":71}},"26":{"start":{"line":93,"column":31},"end":{"line":93,"column":60}},"27":{"start":{"line":97,"column":28},"end":{"line":97,"column":null}},"28":{"start":{"line":98,"column":28},"end":{"line":98,"column":null}},"29":{"start":{"line":100,"column":28},"end":{"line":100,"column":null}},"30":{"start":{"line":101,"column":28},"end":{"line":101,"column":null}},"31":{"start":{"line":103,"column":28},"end":{"line":103,"column":null}},"32":{"start":{"line":104,"column":28},"end":{"line":104,"column":null}},"33":{"start":{"line":106,"column":28},"end":{"line":106,"column":null}},"34":{"start":{"line":107,"column":28},"end":{"line":107,"column":null}},"35":{"start":{"line":110,"column":16},"end":{"line":110,"column":null}},"36":{"start":{"line":112,"column":12},"end":{"line":112,"column":null}},"37":{"start":{"line":118,"column":24},"end":{"line":152,"column":null}},"38":{"start":{"line":120,"column":29},"end":{"line":120,"column":82}},"39":{"start":{"line":121,"column":27},"end":{"line":121,"column":47}},"40":{"start":{"line":123,"column":29},"end":{"line":123,"column":77}},"41":{"start":{"line":124,"column":28},"end":{"line":124,"column":56}},"42":{"start":{"line":127,"column":26},"end":{"line":127,"column":57}},"43":{"start":{"line":128,"column":26},"end":{"line":128,"column":null}},"44":{"start":{"line":129,"column":27},"end":{"line":129,"column":null}},"45":{"start":{"line":134,"column":16},"end":{"line":134,"column":null}},"46":{"start":{"line":137,"column":16},"end":{"line":137,"column":null}},"47":{"start":{"line":141,"column":12},"end":{"line":141,"column":null}},"48":{"start":{"line":144,"column":33},"end":{"line":144,"column":92}},"49":{"start":{"line":147,"column":16},"end":{"line":147,"column":null}},"50":{"start":{"line":150,"column":12},"end":{"line":150,"column":null}},"51":{"start":{"line":155,"column":4},"end":{"line":157,"column":null}},"52":{"start":{"line":156,"column":8},"end":{"line":156,"column":null}},"53":{"start":{"line":160,"column":25},"end":{"line":160,"column":null}},"54":{"start":{"line":162,"column":26},"end":{"line":162,"column":null}},"55":{"start":{"line":165,"column":31},"end":{"line":165,"column":52}},"56":{"start":{"line":167,"column":8},"end":{"line":167,"column":null}},"57":{"start":{"line":168,"column":8},"end":{"line":168,"column":null}},"58":{"start":{"line":171,"column":8},"end":{"line":177,"column":null}},"59":{"start":{"line":173,"column":35},"end":{"line":173,"column":null}},"60":{"start":{"line":174,"column":16},"end":{"line":174,"column":null}},"61":{"start":{"line":175,"column":16},"end":{"line":175,"column":null}},"62":{"start":{"line":182,"column":31},"end":{"line":182,"column":58}},"63":{"start":{"line":183,"column":8},"end":{"line":183,"column":null}},"64":{"start":{"line":188,"column":12},"end":{"line":188,"column":null}},"65":{"start":{"line":190,"column":28},"end":{"line":190,"column":null}},"66":{"start":{"line":191,"column":26},"end":{"line":191,"column":null}},"67":{"start":{"line":193,"column":23},"end":{"line":193,"column":null}},"68":{"start":{"line":194,"column":12},"end":{"line":194,"column":null}},"69":{"start":{"line":194,"column":35},"end":{"line":194,"column":null}},"70":{"start":{"line":195,"column":12},"end":{"line":195,"column":null}},"71":{"start":{"line":195,"column":35},"end":{"line":195,"column":null}},"72":{"start":{"line":197,"column":12},"end":{"line":197,"column":null}},"73":{"start":{"line":199,"column":34},"end":{"line":199,"column":51}},"74":{"start":{"line":200,"column":12},"end":{"line":200,"column":null}},"75":{"start":{"line":201,"column":12},"end":{"line":201,"column":null}},"76":{"start":{"line":206,"column":4},"end":{"line":206,"column":null}}},"fnMap":{"0":{"name":"(anonymous_0)","decl":{"start":{"line":44,"column":25},"end":{"line":44,"column":38}},"loc":{"start":{"line":44,"column":52},"end":{"line":44,"column":92}},"line":44},"1":{"name":"parser","decl":{"start":{"line":65,"column":17},"end":{"line":65,"column":24}},"loc":{"start":{"line":65,"column":46},"end":{"line":114,"column":9}},"line":65},"2":{"name":"(anonymous_2)","decl":{"start":{"line":118,"column":24},"end":{"line":118,"column":null}},"loc":{"start":{"line":119,"column":69},"end":{"line":152,"column":9}},"line":119},"3":{"name":"(anonymous_3)","decl":{"start":{"line":155,"column":4},"end":{"line":155,"column":20}},"loc":{"start":{"line":155,"column":20},"end":{"line":157,"column":8}},"line":155},"4":{"name":"(anonymous_4)","decl":{"start":{"line":171,"column":8},"end":{"line":171,"column":25}},"loc":{"start":{"line":171,"column":25},"end":{"line":177,"column":13}},"line":171}},"branchMap":{"0":{"loc":{"start":{"line":35,"column":40},"end":{"line":35,"column":52}},"type":"default-arg","locations":[{"start":{"line":35,"column":48},"end":{"line":35,"column":52}}],"line":35},"1":{"loc":{"start":{"line":35,"column":67},"end":{"line":35,"column":92}},"type":"default-arg","locations":[{"start":{"line":35,"column":87},"end":{"line":35,"column":92}}],"line":35},"2":{"loc":{"start":{"line":35,"column":92},"end":{"line":35,"column":116}},"type":"default-arg","locations":[{"start":{"line":35,"column":111},"end":{"line":35,"column":116}}],"line":35},"3":{"loc":{"start":{"line":35,"column":116},"end":{"line":35,"column":134}},"type":"default-arg","locations":[{"start":{"line":35,"column":131},"end":{"line":35,"column":134}}],"line":35},"4":{"loc":{"start":{"line":35,"column":183},"end":{"line":35,"column":193}},"type":"default-arg","locations":[{"start":{"line":35,"column":190},"end":{"line":35,"column":193}}],"line":35},"5":{"loc":{"start":{"line":48,"column":12},"end":{"line":48,"column":53}},"type":"binary-expr","locations":[{"start":{"line":48,"column":12},"end":{"line":48,"column":28}},{"start":{"line":48,"column":32},"end":{"line":48,"column":53}}],"line":48},"6":{"loc":{"start":{"line":71,"column":16},"end":{"line":71,"column":57}},"type":"binary-expr","locations":[{"start":{"line":71,"column":16},"end":{"line":71,"column":33}},{"start":{"line":71,"column":33},"end":{"line":71,"column":57}}],"line":71},"7":{"loc":{"start":{"line":91,"column":16},"end":{"line":91,"column":47}},"type":"binary-expr","locations":[{"start":{"line":91,"column":16},"end":{"line":91,"column":31}},{"start":{"line":91,"column":31},"end":{"line":91,"column":47}}],"line":91},"8":{"loc":{"start":{"line":120,"column":29},"end":{"line":120,"column":82}},"type":"cond-expr","locations":[{"start":{"line":120,"column":55},"end":{"line":120,"column":65}},{"start":{"line":120,"column":68},"end":{"line":120,"column":82}}],"line":120},"9":{"loc":{"start":{"line":129,"column":27},"end":{"line":129,"column":null}},"type":"binary-expr","locations":[{"start":{"line":129,"column":27},"end":{"line":129,"column":39}},{"start":{"line":129,"column":39},"end":{"line":129,"column":null}}],"line":129},"10":{"loc":{"start":{"line":132,"column":16},"end":{"line":132,"column":56}},"type":"binary-expr","locations":[{"start":{"line":132,"column":16},"end":{"line":132,"column":33}},{"start":{"line":132,"column":33},"end":{"line":132,"column":56}}],"line":132},"11":{"loc":{"start":{"line":146,"column":16},"end":{"line":146,"column":92}},"type":"binary-expr","locations":[{"start":{"line":146,"column":16},"end":{"line":146,"column":49}},{"start":{"line":146,"column":53},"end":{"line":146,"column":92}}],"line":146},"12":{"loc":{"start":{"line":150,"column":19},"end":{"line":150,"column":null}},"type":"cond-expr","locations":[{"start":{"line":150,"column":30},"end":{"line":150,"column":155}},{"start":{"line":150,"column":155},"end":{"line":150,"column":null}}],"line":150},"13":{"loc":{"start":{"line":156,"column":36},"end":{"line":156,"column":60}},"type":"binary-expr","locations":[{"start":{"line":156,"column":36},"end":{"line":156,"column":53}},{"start":{"line":156,"column":57},"end":{"line":156,"column":60}}],"line":156},"14":{"loc":{"start":{"line":162,"column":26},"end":{"line":162,"column":null}},"type":"binary-expr","locations":[{"start":{"line":162,"column":26},"end":{"line":162,"column":54}},{"start":{"line":162,"column":54},"end":{"line":162,"column":null}}],"line":162},"15":{"loc":{"start":{"line":187,"column":12},"end":{"line":187,"column":58}},"type":"binary-expr","locations":[{"start":{"line":187,"column":12},"end":{"line":187,"column":35}},{"start":{"line":187,"column":35},"end":{"line":187,"column":58}}],"line":187},"16":{"loc":{"start":{"line":190,"column":28},"end":{"line":190,"column":null}},"type":"cond-expr","locations":[{"start":{"line":190,"column":36},"end":{"line":190,"column":61}},{"start":{"line":190,"column":61},"end":{"line":190,"column":null}}],"line":190},"17":{"loc":{"start":{"line":191,"column":26},"end":{"line":191,"column":null}},"type":"cond-expr","locations":[{"start":{"line":191,"column":48},"end":{"line":191,"column":55}},{"start":{"line":191,"column":55},"end":{"line":191,"column":null}}],"line":191},"18":{"loc":{"start":{"line":194,"column":12},"end":{"line":194,"column":null}},"type":"if","locations":[{"start":{"line":194,"column":12},"end":{"line":194,"column":null}},{"start":{},"end":{}}],"line":194},"19":{"loc":{"start":{"line":195,"column":12},"end":{"line":195,"column":null}},"type":"if","locations":[{"start":{"line":195,"column":12},"end":{"line":195,"column":null}},{"start":{},"end":{}}],"line":195}},"s":{"0":1,"1":2,"2":2,"3":2,"4":3,"5":0,"6":0,"7":0,"8":0,"9":0,"10":0,"11":0,"12":2,"13":1,"14":1,"15":1,"16":0,"17":1,"18":1,"19":0,"20":1,"21":1,"22":1,"23":1,"24":1,"25":0,"26":0,"27":0,"28":0,"29":0,"30":0,"31":0,"32":0,"33":0,"34":0,"35":0,"36":1,"37":2,"38":1,"39":1,"40":1,"41":1,"42":1,"43":1,"44":1,"45":0,"46":1,"47":1,"48":1,"49":0,"50":1,"51":2,"52":1,"53":0,"54":0,"55":0,"56":0,"57":0,"58":0,"59":0,"60":0,"61":0,"62":0,"63":0,"64":0,"65":0,"66":0,"67":0,"68":0,"69":0,"70":0,"71":0,"72":0,"73":0,"74":0,"75":0,"76":2},"f":{"0":3,"1":1,"2":1,"3":1,"4":0},"b":{"0":[2],"1":[2],"2":[2],"3":[2],"4":[2],"5":[0,0],"6":[1,0],"7":[1,1],"8":[1,0],"9":[1,1],"10":[1,0],"11":[1,1],"12":[0,1],"13":[1,0],"14":[0,0],"15":[0,0],"16":[0,0],"17":[0,0],"18":[0,0],"19":[0,0]},"meta":{"lastBranch":20,"lastFunction":5,"lastStatement":77,"seen":{"s:1:138:1:Infinity":0,"b:35:48:35:52":0,"b:35:87:35:92":1,"b:35:111:35:116":2,"b:35:131:35:134":3,"b:35:190:35:193":4,"s:36:21:36:51":1,"s:37:44:37:64":2,"s:44:25:44:97":3,"f:44:25:44:38":0,"s:44:52:44:92":4,"b:48:12:48:28:48:32:48:53":5,"s:49:12:49:Infinity":5,"s:52:25:52:47":6,"s:54:30:54:51":7,"s:55:43:55:63":8,"s:56:27:56:Infinity":9,"s:57:12:57:Infinity":10,"s:60:8:60:Infinity":11,"s:64:23:114:Infinity":12,"f:65:17:65:24":1,"s:66:29:66:39":13,"s:67:45:67:76":14,"s:68:44:68:74":15,"b:71:16:71:33:71:33:71:57":6,"s:72:16:72:Infinity":16,"s:75:33:75:Infinity":17,"s:77:21:77:Infinity":18,"s:79:16:79:Infinity":19,"s:83:21:83:Infinity":20,"s:85:16:85:Infinity":21,"s:88:32:88:Infinity":22,"s:89:31:89:59":23,"s:90:32:90:58":24,"b:91:16:91:31:91:31:91:47":7,"s:92:26:92:71":25,"s:93:31:93:60":26,"s:97:28:97:Infinity":27,"s:98:28:98:Infinity":28,"s:100:28:100:Infinity":29,"s:101:28:101:Infinity":30,"s:103:28:103:Infinity":31,"s:104:28:104:Infinity":32,"s:106:28:106:Infinity":33,"s:107:28:107:Infinity":34,"s:110:16:110:Infinity":35,"s:112:12:112:Infinity":36,"s:118:24:152:Infinity":37,"f:118:24:118:Infinity":2,"s:120:29:120:82":38,"b:120:55:120:65:120:68:120:82":8,"s:121:27:121:47":39,"s:123:29:123:77":40,"s:124:28:124:56":41,"s:127:26:127:57":42,"s:128:26:128:Infinity":43,"s:129:27:129:Infinity":44,"b:129:27:129:39:129:39:129:Infinity":9,"b:132:16:132:33:132:33:132:56":10,"s:134:16:134:Infinity":45,"s:137:16:137:Infinity":46,"s:141:12:141:Infinity":47,"s:144:33:144:92":48,"b:146:16:146:49:146:53:146:92":11,"s:147:16:147:Infinity":49,"s:150:12:150:Infinity":50,"b:150:30:150:155:150:155:150:Infinity":12,"s:155:4:157:Infinity":51,"f:155:4:155:20":3,"s:156:8:156:Infinity":52,"b:156:36:156:53:156:57:156:60":13,"s:160:25:160:Infinity":53,"s:162:26:162:Infinity":54,"b:162:26:162:54:162:54:162:Infinity":14,"s:165:31:165:52":55,"s:167:8:167:Infinity":56,"s:168:8:168:Infinity":57,"s:171:8:177:Infinity":58,"f:171:8:171:25":4,"s:173:35:173:Infinity":59,"s:174:16:174:Infinity":60,"s:175:16:175:Infinity":61,"s:182:31:182:58":62,"s:183:8:183:Infinity":63,"b:187:12:187:35:187:35:187:58":15,"s:188:12:188:Infinity":64,"s:190:28:190:Infinity":65,"b:190:36:190:61:190:61:190:Infinity":16,"s:191:26:191:Infinity":66,"b:191:48:191:55:191:55:191:Infinity":17,"s:193:23:193:Infinity":67,"b:194:12:194:Infinity:undefined:undefined:undefined:undefined":18,"s:194:12:194:Infinity":68,"s:194:35:194:Infinity":69,"b:195:12:195:Infinity:undefined:undefined:undefined:undefined":19,"s:195:12:195:Infinity":70,"s:195:35:195:Infinity":71,"s:197:12:197:Infinity":72,"s:199:34:199:51":73,"s:200:12:200:Infinity":74,"s:201:12:201:Infinity":75,"s:206:4:206:Infinity":76}}}
}
